Using pre-set license
Built from '2020.3/staging' branch; Version is '2020.3.0f1 (c7b5465681fb) revision 13088070'; Using compiler version '192528614'; Build Type 'Release'
OS: 'Windows 10 Pro; OS build 19042.1052; Version 2009; 64bit' Language: 'nl' Physical Memory: 16315 MB
BatchMode: 1, IsHumanControllingUs: 0, StartBugReporterOnCrash: 0, Is64bit: 1, IsPro: 0

 COMMAND LINE ARGUMENTS:
C:\Program Files\Unity\Hub\Editor\2020.3.0f1\Editor\Unity.exe
-adb2
-batchMode
-noUpm
-name
AssetImportWorker0
-projectPath
C:/Users/epic2/Documents/GitHub/unityspel/spel
-logFile
Logs/AssetImportWorker0.log
-srvPort
51250
Successfully changed project path to: C:/Users/epic2/Documents/GitHub/unityspel/spel
C:/Users/epic2/Documents/GitHub/unityspel/spel
Using Asset Import Pipeline V2.
Refreshing native plugins compatible for Editor in 30.86 ms, found 0 plugins.
Preloading 0 native plugins for Editor in 0.00 ms.
Initialize engine version: 2020.3.0f1 (c7b5465681fb)
[Subsystems] Discovering subsystems at path C:/Program Files/Unity/Hub/Editor/2020.3.0f1/Editor/Data/Resources/UnitySubsystems
[Subsystems] Discovering subsystems at path C:/Users/epic2/Documents/GitHub/unityspel/spel/Assets
GfxDevice: creating device client; threaded=0
Direct3D:
    Version:  Direct3D 11.0 [level 11.1]
    Renderer: NVIDIA GeForce GTX 1050 Ti (ID=0x1c82)
    Vendor:   
    VRAM:     4018 MB
    Driver:   27.21.14.6677
Initialize mono
Mono path[0] = 'C:/Program Files/Unity/Hub/Editor/2020.3.0f1/Editor/Data/Managed'
Mono path[1] = 'C:/Program Files/Unity/Hub/Editor/2020.3.0f1/Editor/Data/MonoBleedingEdge/lib/mono/unityjit'
Mono config path = 'C:/Program Files/Unity/Hub/Editor/2020.3.0f1/Editor/Data/MonoBleedingEdge/etc'
Using monoOptions --debugger-agent=transport=dt_socket,embedding=1,server=y,suspend=n,address=127.0.0.1:56728
Begin MonoManager ReloadAssembly
Registering precompiled unity dll's ...
Register platform support module: C:/Program Files/Unity/Hub/Editor/2020.3.0f1/Editor/Data/PlaybackEngines/WindowsStandaloneSupport/UnityEditor.WindowsStandalone.Extensions.dll
Registered in 0.002604 seconds.
Native extension for WindowsStandalone target not found
Refreshing native plugins compatible for Editor in 30.19 ms, found 0 plugins.
Preloading 0 native plugins for Editor in 0.00 ms.
Invoked RoslynAnalysisRunner static constructor.
RoslynAnalysisRunner will not be running.
RoslynAnalysisRunner has terminated.
Mono: successfully reloaded assembly
- Completed reload, in  1.292 seconds
Platform modules already initialized, skipping
Registering precompiled user dll's ...
Registered in 0.000917 seconds.
Begin MonoManager ReloadAssembly
Native extension for WindowsStandalone target not found
Refreshing native plugins compatible for Editor in 0.30 ms, found 0 plugins.
Preloading 0 native plugins for Editor in 0.00 ms.
Invoked RoslynAnalysisRunner static constructor.
RoslynAnalysisRunner will not be running.
RoslynAnalysisRunner has terminated.
Mono: successfully reloaded assembly
- Completed reload, in  0.897 seconds
Platform modules already initialized, skipping
========================================================================
Worker process is ready to serve import requests
Launched and connected shader compiler UnityShaderCompiler.exe after 0.04 seconds
Refreshing native plugins compatible for Editor in 0.29 ms, found 0 plugins.
Preloading 0 native plugins for Editor in 0.00 ms.
Unloading 1173 Unused Serialized files (Serialized files now loaded: 0)
System memory in use before: 73.2 MB.
System memory in use after: 73.3 MB.

Unloading 10 unused Assets to reduce memory usage. Loaded Objects now: 1637.
Total: 1.795000 ms (FindLiveObjects: 0.165700 ms CreateObjectMapping: 0.032800 ms MarkObjects: 1.482300 ms  DeleteObjects: 0.112800 ms)

========================================================================
Received Import Request.
  path: Assets/Spel.unity
  artifactKey: Guid(76060b2c40222ce469f96b915d4d10d5) Importer(815301076,1909f56bfc062723c751e8b465ee728b)
Start importing Assets/Spel.unity using Guid(76060b2c40222ce469f96b915d4d10d5) Importer(815301076,1909f56bfc062723c751e8b465ee728b)  -> (artifact id: '84ddee6ed2763af6e2a89bbe46e3339f') in 0.017754 seconds
  Import took 0.020034 seconds .

========================================================================
Received Import Request.
  Time since last request: 38.861505 seconds.
  path: Assets/level 1.unity
  artifactKey: Guid(76060b2c40222ce469f96b915d4d10d5) Importer(815301076,1909f56bfc062723c751e8b465ee728b)
Start importing Assets/level 1.unity using Guid(76060b2c40222ce469f96b915d4d10d5) Importer(815301076,1909f56bfc062723c751e8b465ee728b)  -> (artifact id: '3319eca70b48d66ddba98c7c392421af') in 0.011903 seconds
  Import took 0.014026 seconds .

========================================================================
Received Prepare
Registering precompiled user dll's ...
Registered in 0.000997 seconds.
Begin MonoManager ReloadAssembly
Native extension for WindowsStandalone target not found
Refreshing native plugins compatible for Editor in 0.31 ms, found 0 plugins.
Preloading 0 native plugins for Editor in 0.00 ms.
Invoked RoslynAnalysisRunner static constructor.
RoslynAnalysisRunner will not be running.
RoslynAnalysisRunner has terminated.
Mono: successfully reloaded assembly
- Completed reload, in  0.922 seconds
Platform modules already initialized, skipping
Refreshing native plugins compatible for Editor in 0.54 ms, found 0 plugins.
Preloading 0 native plugins for Editor in 0.00 ms.
Unloading 1152 Unused Serialized files (Serialized files now loaded: 0)
System memory in use before: 71.9 MB.
System memory in use after: 72.0 MB.

Unloading 5 unused Assets to reduce memory usage. Loaded Objects now: 1640.
Total: 1.676000 ms (FindLiveObjects: 0.164100 ms CreateObjectMapping: 0.029100 ms MarkObjects: 1.397600 ms  DeleteObjects: 0.084300 ms)

========================================================================
Received Import Request.
  Time since last request: 93.490535 seconds.
  path: Assets/materials/glowing partical.mat
  artifactKey: Guid(883416c458b8b6e4da1e20f25a4a9e61) Importer(815301076,1909f56bfc062723c751e8b465ee728b)
Start importing Assets/materials/glowing partical.mat using Guid(883416c458b8b6e4da1e20f25a4a9e61) Importer(815301076,1909f56bfc062723c751e8b465ee728b)  -> (artifact id: 'c4b870335b28a9b490cdd829909251c7') in 0.125760 seconds
  Import took 0.128736 seconds .

========================================================================
Received Import Request.
  Time since last request: 76.511736 seconds.
  path: Assets/level 2.unity
  artifactKey: Guid(5d0afd72588748347b56bc3aba275f11) Importer(815301076,1909f56bfc062723c751e8b465ee728b)
Start importing Assets/level 2.unity using Guid(5d0afd72588748347b56bc3aba275f11) Importer(815301076,1909f56bfc062723c751e8b465ee728b)  -> (artifact id: '4aad46e30bdbf5d3d3c9ef5f03d690e2') in 0.008026 seconds
  Import took 0.010231 seconds .

========================================================================
Received Prepare
Registering precompiled user dll's ...
Registered in 0.001104 seconds.
Begin MonoManager ReloadAssembly
Native extension for WindowsStandalone target not found
Refreshing native plugins compatible for Editor in 0.32 ms, found 0 plugins.
Preloading 0 native plugins for Editor in 0.00 ms.
Invoked RoslynAnalysisRunner static constructor.
RoslynAnalysisRunner will not be running.
RoslynAnalysisRunner has terminated.
Mono: successfully reloaded assembly
- Completed reload, in  0.878 seconds
Platform modules already initialized, skipping
Refreshing native plugins compatible for Editor in 0.30 ms, found 0 plugins.
Preloading 0 native plugins for Editor in 0.00 ms.
Unloading 1152 Unused Serialized files (Serialized files now loaded: 0)
System memory in use before: 75.3 MB.
System memory in use after: 75.4 MB.

Unloading 6 unused Assets to reduce memory usage. Loaded Objects now: 1683.
Total: 2.039400 ms (FindLiveObjects: 0.274700 ms CreateObjectMapping: 0.050400 ms MarkObjects: 1.618900 ms  DeleteObjects: 0.093600 ms)

========================================================================
Received Import Request.
  Time since last request: 247.456155 seconds.
  path: Assets/models/SimpleNaturePack/Prefabs/Branch_01.prefab
  artifactKey: Guid(b9de24523a11d714db3851b5f0f9d527) Importer(815301076,1909f56bfc062723c751e8b465ee728b)
Start importing Assets/models/SimpleNaturePack/Prefabs/Branch_01.prefab using Guid(b9de24523a11d714db3851b5f0f9d527) Importer(815301076,1909f56bfc062723c751e8b465ee728b)  -> (artifact id: 'f4e7d8cddc91b1bc79e5514c2e14fdae') in 0.074617 seconds
  Import took 0.076905 seconds .

========================================================================
Received Import Request.
  Time since last request: 0.000191 seconds.
  path: Assets/models/SimpleNaturePack/Prefabs/Grass_01.prefab
  artifactKey: Guid(f1fc5bb90ac285e4486771552d63bcb8) Importer(815301076,1909f56bfc062723c751e8b465ee728b)
Start importing Assets/models/SimpleNaturePack/Prefabs/Grass_01.prefab using Guid(f1fc5bb90ac285e4486771552d63bcb8) Importer(815301076,1909f56bfc062723c751e8b465ee728b)  -> (artifact id: 'da08e2207d121a297a000755983e6d28') in 0.024509 seconds
  Import took 0.026493 seconds .

========================================================================
Received Import Request.
  Time since last request: 0.000195 seconds.
  path: Assets/models/SimpleNaturePack/Prefabs/Rock_02.prefab
  artifactKey: Guid(cebfacc247a640945a2c30b442202fca) Importer(815301076,1909f56bfc062723c751e8b465ee728b)
Start importing Assets/models/SimpleNaturePack/Prefabs/Rock_02.prefab using Guid(cebfacc247a640945a2c30b442202fca) Importer(815301076,1909f56bfc062723c751e8b465ee728b)  -> (artifact id: '88681ee2fa8a08bbb663aab80c68f48c') in 0.015101 seconds
  Import took 0.017298 seconds .

========================================================================
Received Import Request.
  Time since last request: 0.000226 seconds.
  path: Assets/models/SimpleNaturePack/Prefabs/Tree_01.prefab
  artifactKey: Guid(88f2fd29f58b9734683512546acec310) Importer(815301076,1909f56bfc062723c751e8b465ee728b)
Start importing Assets/models/SimpleNaturePack/Prefabs/Tree_01.prefab using Guid(88f2fd29f58b9734683512546acec310) Importer(815301076,1909f56bfc062723c751e8b465ee728b)  -> (artifact id: '01e1597bd14bf372c3bc584441efba34') in 0.020605 seconds
  Import took 0.023264 seconds .

========================================================================
Received Import Request.
  Time since last request: 0.000199 seconds.
  path: Assets/models/SimpleNaturePack/Prefabs/Rock_04.prefab
  artifactKey: Guid(f02116c209ecd9e488fc4d2cd8996133) Importer(815301076,1909f56bfc062723c751e8b465ee728b)
Start importing Assets/models/SimpleNaturePack/Prefabs/Rock_04.prefab using Guid(f02116c209ecd9e488fc4d2cd8996133) Importer(815301076,1909f56bfc062723c751e8b465ee728b)  -> (artifact id: 'caa858dd7c8ff0b7d51b3fbbdc5fd66d') in 0.015254 seconds
  Import took 0.017708 seconds .

========================================================================
Received Import Request.
  Time since last request: 0.000248 seconds.
  path: Assets/models/SimpleNaturePack/Prefabs/Ground_01.prefab
  artifactKey: Guid(ebee340de387f334f9ac44e044abd8fb) Importer(815301076,1909f56bfc062723c751e8b465ee728b)
Start importing Assets/models/SimpleNaturePack/Prefabs/Ground_01.prefab using Guid(ebee340de387f334f9ac44e044abd8fb) Importer(815301076,1909f56bfc062723c751e8b465ee728b)  -> (artifact id: '072ac99f1e45b9f187cf5125c5eefacc') in 0.017122 seconds
  Import took 0.019398 seconds .

========================================================================
Received Import Request.
  Time since last request: 0.000269 seconds.
  path: Assets/models/SimpleNaturePack/Prefabs/Mushroom_01.prefab
  artifactKey: Guid(ff62b58c5a9ea164fa8ddf8038e10cd1) Importer(815301076,1909f56bfc062723c751e8b465ee728b)
Start importing Assets/models/SimpleNaturePack/Prefabs/Mushroom_01.prefab using Guid(ff62b58c5a9ea164fa8ddf8038e10cd1) Importer(815301076,1909f56bfc062723c751e8b465ee728b)  -> (artifact id: 'c5e738bf4b736d9a4401e1a8092c99ec') in 0.021935 seconds
  Import took 0.024464 seconds .

========================================================================
Received Import Request.
  Time since last request: 0.000268 seconds.
  path: Assets/models/SimpleNaturePack/Prefabs/Ground_03.prefab
  artifactKey: Guid(3f9b178ccd3b86f4ebbfc1f5a2815e56) Importer(815301076,1909f56bfc062723c751e8b465ee728b)
Start importing Assets/models/SimpleNaturePack/Prefabs/Ground_03.prefab using Guid(3f9b178ccd3b86f4ebbfc1f5a2815e56) Importer(815301076,1909f56bfc062723c751e8b465ee728b)  -> (artifact id: '6b9bd92af6f4886ae1287fe12a37ad27') in 0.020458 seconds
  Import took 0.022874 seconds .

========================================================================
Received Import Request.
  Time since last request: 0.000208 seconds.
  path: Assets/models/SimpleNaturePack/Prefabs/Mushroom_02.prefab
  artifactKey: Guid(494f6d43e170e9145bc7865d243ee00b) Importer(815301076,1909f56bfc062723c751e8b465ee728b)
Start importing Assets/models/SimpleNaturePack/Prefabs/Mushroom_02.prefab using Guid(494f6d43e170e9145bc7865d243ee00b) Importer(815301076,1909f56bfc062723c751e8b465ee728b)  -> (artifact id: '28ecfd9ab81e49010b7debc133d0255c') in 0.023730 seconds
  Import took 0.025877 seconds .

========================================================================
Received Import Request.
  Time since last request: 0.000199 seconds.
  path: Assets/models/SimpleNaturePack/Prefabs/Stump_01.prefab
  artifactKey: Guid(eebb56c82efbd8d4bb0eb6bd925a0e9d) Importer(815301076,1909f56bfc062723c751e8b465ee728b)
Start importing Assets/models/SimpleNaturePack/Prefabs/Stump_01.prefab using Guid(eebb56c82efbd8d4bb0eb6bd925a0e9d) Importer(815301076,1909f56bfc062723c751e8b465ee728b)  -> (artifact id: '9b1440bc344c27f931486b89f576e35e') in 0.014974 seconds
  Import took 0.017046 seconds .

========================================================================
Received Import Request.
  Time since last request: 0.000213 seconds.
  path: Assets/models/SimpleNaturePack/Prefabs/Grass_02.prefab
  artifactKey: Guid(ffbddc4ef9676cc419e81e06aaa836d8) Importer(815301076,1909f56bfc062723c751e8b465ee728b)
Start importing Assets/models/SimpleNaturePack/Prefabs/Grass_02.prefab using Guid(ffbddc4ef9676cc419e81e06aaa836d8) Importer(815301076,1909f56bfc062723c751e8b465ee728b)  -> (artifact id: 'f2553ab17d46f79505e52ba88c65276c') in 0.023173 seconds
  Import took 0.025245 seconds .

========================================================================
Received Import Request.
  Time since last request: 0.000183 seconds.
  path: Assets/models/SimpleNaturePack/Prefabs/Bush_01.prefab
  artifactKey: Guid(3cdafb3c2f54d434894928d72d282874) Importer(815301076,1909f56bfc062723c751e8b465ee728b)
Start importing Assets/models/SimpleNaturePack/Prefabs/Bush_01.prefab using Guid(3cdafb3c2f54d434894928d72d282874) Importer(815301076,1909f56bfc062723c751e8b465ee728b)  -> (artifact id: 'a83500684809fcd0c932f511ba0f94f8') in 0.021234 seconds
  Import took 0.023761 seconds .

========================================================================
Received Import Request.
  Time since last request: 0.000200 seconds.
  path: Assets/models/SimpleNaturePack/Prefabs/Rock_03.prefab
  artifactKey: Guid(0fde05fa0f3321942a21896ff4f0856f) Importer(815301076,1909f56bfc062723c751e8b465ee728b)
Start importing Assets/models/SimpleNaturePack/Prefabs/Rock_03.prefab using Guid(0fde05fa0f3321942a21896ff4f0856f) Importer(815301076,1909f56bfc062723c751e8b465ee728b)  -> (artifact id: '31c1d8117fa534df38e96eda74ece8b9') in 0.013588 seconds
  Import took 0.015807 seconds .

========================================================================
Received Import Request.
  Time since last request: 0.000232 seconds.
  path: Assets/models/SimpleNaturePack/Prefabs/Rock_01.prefab
  artifactKey: Guid(c6308cb7062fac34e8e50600086b12a1) Importer(815301076,1909f56bfc062723c751e8b465ee728b)
Start importing Assets/models/SimpleNaturePack/Prefabs/Rock_01.prefab using Guid(c6308cb7062fac34e8e50600086b12a1) Importer(815301076,1909f56bfc062723c751e8b465ee728b)  -> (artifact id: '9d97706987dc3f555b6232e33aeefb84') in 0.014223 seconds
  Import took 0.016836 seconds .

========================================================================
Received Import Request.
  Time since last request: 0.000241 seconds.
  path: Assets/models/SimpleNaturePack/Prefabs/Tree_02.prefab
  artifactKey: Guid(e289bf5debb17f6459818c207d781953) Importer(815301076,1909f56bfc062723c751e8b465ee728b)
Start importing Assets/models/SimpleNaturePack/Prefabs/Tree_02.prefab using Guid(e289bf5debb17f6459818c207d781953) Importer(815301076,1909f56bfc062723c751e8b465ee728b)  -> (artifact id: 'a822bb4f0c99f36c8f92df931bbb7233') in 0.012921 seconds
  Import took 0.015148 seconds .

========================================================================
Received Import Request.
  Time since last request: 0.000229 seconds.
  path: Assets/models/SimpleNaturePack/Prefabs/Tree_03.prefab
  artifactKey: Guid(c60edd51c065ceb46b345849a03bc106) Importer(815301076,1909f56bfc062723c751e8b465ee728b)
Start importing Assets/models/SimpleNaturePack/Prefabs/Tree_03.prefab using Guid(c60edd51c065ceb46b345849a03bc106) Importer(815301076,1909f56bfc062723c751e8b465ee728b)  -> (artifact id: '8c03941299a75cde8d20b58cce111359') in 0.020374 seconds
  Import took 0.022661 seconds .

========================================================================
Received Import Request.
  Time since last request: 0.000236 seconds.
  path: Assets/models/SimpleNaturePack/Prefabs/Ground_02.prefab
  artifactKey: Guid(e2e682b966e3f644392ffbfab511e0e2) Importer(815301076,1909f56bfc062723c751e8b465ee728b)
Start importing Assets/models/SimpleNaturePack/Prefabs/Ground_02.prefab using Guid(e2e682b966e3f644392ffbfab511e0e2) Importer(815301076,1909f56bfc062723c751e8b465ee728b)  -> (artifact id: '31da2b648c151eb5b40b0cb380ad9c49') in 0.019640 seconds
  Import took 0.021813 seconds .

========================================================================
Received Import Request.
  Time since last request: 0.000173 seconds.
  path: Assets/models/SimpleNaturePack/Prefabs/Bush_02.prefab
  artifactKey: Guid(b71b0f8d2f881c743a85228f3030d1cb) Importer(815301076,1909f56bfc062723c751e8b465ee728b)
Start importing Assets/models/SimpleNaturePack/Prefabs/Bush_02.prefab using Guid(b71b0f8d2f881c743a85228f3030d1cb) Importer(815301076,1909f56bfc062723c751e8b465ee728b)  -> (artifact id: '0381d76a7ba9725ffebe10aab3a57d92') in 0.013410 seconds
  Import took 0.015462 seconds .

========================================================================
Received Import Request.
  Time since last request: 22.358842 seconds.
  path: Assets/Runemark Studio/Freebies/Polygon Desert Pack/Materials/Aloe.mat
  artifactKey: Guid(a58be5973538d264eb695c3db32e1d17) Importer(815301076,1909f56bfc062723c751e8b465ee728b)
Start importing Assets/Runemark Studio/Freebies/Polygon Desert Pack/Materials/Aloe.mat using Guid(a58be5973538d264eb695c3db32e1d17) Importer(815301076,1909f56bfc062723c751e8b465ee728b)  -> (artifact id: '7e9f84980e110badbd1659f19cd4b5a9') in 0.025502 seconds
  Import took 0.027631 seconds .

========================================================================
Received Import Request.
  Time since last request: 0.000198 seconds.
  path: Assets/Runemark Studio/Freebies/Polygon Desert Pack/Materials/FlowerCenter.mat
  artifactKey: Guid(0d2b752cb7a0cfa4883178ad88553bc1) Importer(815301076,1909f56bfc062723c751e8b465ee728b)
Start importing Assets/Runemark Studio/Freebies/Polygon Desert Pack/Materials/FlowerCenter.mat using Guid(0d2b752cb7a0cfa4883178ad88553bc1) Importer(815301076,1909f56bfc062723c751e8b465ee728b)  -> (artifact id: 'e10bccdaf44387917894daabb5588653') in 0.012624 seconds
  Import took 0.014457 seconds .

========================================================================
Received Import Request.
  Time since last request: 0.000236 seconds.
  path: Assets/Runemark Studio/Freebies/Polygon Desert Pack/Materials/Ground.mat
  artifactKey: Guid(c0f96e6b229bfe24d85d8b8190d83096) Importer(815301076,1909f56bfc062723c751e8b465ee728b)
Start importing Assets/Runemark Studio/Freebies/Polygon Desert Pack/Materials/Ground.mat using Guid(c0f96e6b229bfe24d85d8b8190d83096) Importer(815301076,1909f56bfc062723c751e8b465ee728b)  -> (artifact id: '9ec32f66e9c94808df0d23ffd892d17a') in 0.012399 seconds
  Import took 0.014553 seconds .

========================================================================
Received Import Request.
  Time since last request: 0.000213 seconds.
  path: Assets/Runemark Studio/Freebies/Polygon Desert Pack/Materials/DesertRocks.mat
  artifactKey: Guid(df64b2ddea7920a40962d7aac24b2869) Importer(815301076,1909f56bfc062723c751e8b465ee728b)
Start importing Assets/Runemark Studio/Freebies/Polygon Desert Pack/Materials/DesertRocks.mat using Guid(df64b2ddea7920a40962d7aac24b2869) Importer(815301076,1909f56bfc062723c751e8b465ee728b)  -> (artifact id: 'ff1b7dc90aa77661e88b87e1836bd63d') in 0.012042 seconds
  Import took 0.014036 seconds .

========================================================================
Received Import Request.
  Time since last request: 0.000225 seconds.
  path: Assets/Runemark Studio/Freebies/Polygon Desert Pack/Materials/Thorn.mat
  artifactKey: Guid(f5862a071b976404b90477399414fa74) Importer(815301076,1909f56bfc062723c751e8b465ee728b)
Start importing Assets/Runemark Studio/Freebies/Polygon Desert Pack/Materials/Thorn.mat using Guid(f5862a071b976404b90477399414fa74) Importer(815301076,1909f56bfc062723c751e8b465ee728b)  -> (artifact id: 'cf82bd3a2cffb70c69a34d6f7b057afc') in 0.017329 seconds
  Import took 0.019292 seconds .

========================================================================
Received Import Request.
  Time since last request: 0.000206 seconds.
  path: Assets/Runemark Studio/Freebies/Polygon Desert Pack/Materials/Flower.mat
  artifactKey: Guid(a0eb1ba83e4b048409871a19b9850bb6) Importer(815301076,1909f56bfc062723c751e8b465ee728b)
Start importing Assets/Runemark Studio/Freebies/Polygon Desert Pack/Materials/Flower.mat using Guid(a0eb1ba83e4b048409871a19b9850bb6) Importer(815301076,1909f56bfc062723c751e8b465ee728b)  -> (artifact id: '11f0f671dbefd2add5ce62950b6c8c4f') in 0.012634 seconds
  Import took 0.014447 seconds .

========================================================================
Received Import Request.
  Time since last request: 0.000240 seconds.
  path: Assets/Runemark Studio/Freebies/Polygon Desert Pack/Materials/Cactus.mat
  artifactKey: Guid(0e4890f47005c3a4fbe1f368c4939d86) Importer(815301076,1909f56bfc062723c751e8b465ee728b)
Start importing Assets/Runemark Studio/Freebies/Polygon Desert Pack/Materials/Cactus.mat using Guid(0e4890f47005c3a4fbe1f368c4939d86) Importer(815301076,1909f56bfc062723c751e8b465ee728b)  -> (artifact id: 'c52de9fdaa8cf137f213cc0a9c33c817') in 0.013425 seconds
  Import took 0.015772 seconds .

========================================================================
Received Import Request.
  Time since last request: 94.048985 seconds.
  path: Assets/Runemark Studio/Freebies/Polygon Desert Pack/Prefabs/Aloe.prefab
  artifactKey: Guid(8a13b3dbbf597744192ac4a84ebb93c6) Importer(815301076,1909f56bfc062723c751e8b465ee728b)
Start importing Assets/Runemark Studio/Freebies/Polygon Desert Pack/Prefabs/Aloe.prefab using Guid(8a13b3dbbf597744192ac4a84ebb93c6) Importer(815301076,1909f56bfc062723c751e8b465ee728b)  -> (artifact id: 'eb0d0d65b02286c4c171a12871cd76b9') in 0.034532 seconds
  Import took 0.036817 seconds .

========================================================================
Received Import Request.
  Time since last request: 0.000176 seconds.
  path: Assets/Runemark Studio/Freebies/Polygon Desert Pack/Prefabs/rock01.prefab
  artifactKey: Guid(3e63f970932e56649b966445efd75396) Importer(815301076,1909f56bfc062723c751e8b465ee728b)
Start importing Assets/Runemark Studio/Freebies/Polygon Desert Pack/Prefabs/rock01.prefab using Guid(3e63f970932e56649b966445efd75396) Importer(815301076,1909f56bfc062723c751e8b465ee728b)  -> (artifact id: '6ae6a29b08cb8b5490a96494bd8a6736') in 0.018876 seconds
  Import took 0.020848 seconds .

========================================================================
Received Import Request.
  Time since last request: 0.000223 seconds.
  path: Assets/Runemark Studio/Freebies/Polygon Desert Pack/Prefabs/rock03.prefab
  artifactKey: Guid(e3a2b024936fe54498e16bf28bfd0e90) Importer(815301076,1909f56bfc062723c751e8b465ee728b)
Start importing Assets/Runemark Studio/Freebies/Polygon Desert Pack/Prefabs/rock03.prefab using Guid(e3a2b024936fe54498e16bf28bfd0e90) Importer(815301076,1909f56bfc062723c751e8b465ee728b)  -> (artifact id: 'a879bdd6d16a358dc461f971d5337171') in 0.019355 seconds
  Import took 0.021500 seconds .

========================================================================
Received Import Request.
  Time since last request: 0.000191 seconds.
  path: Assets/Runemark Studio/Freebies/Polygon Desert Pack/Prefabs/rock08.prefab
  artifactKey: Guid(a45f923de9555884cbe160883ce87a74) Importer(815301076,1909f56bfc062723c751e8b465ee728b)
Start importing Assets/Runemark Studio/Freebies/Polygon Desert Pack/Prefabs/rock08.prefab using Guid(a45f923de9555884cbe160883ce87a74) Importer(815301076,1909f56bfc062723c751e8b465ee728b)  -> (artifact id: '0ff4be314f266d76e394b81e771271df') in 0.020055 seconds
  Import took 0.022459 seconds .

========================================================================
Received Import Request.
  Time since last request: 0.000223 seconds.
  path: Assets/Runemark Studio/Freebies/Polygon Desert Pack/Prefabs/rock07.prefab
  artifactKey: Guid(802bd3dc24c20394ca2037c1b9c882a0) Importer(815301076,1909f56bfc062723c751e8b465ee728b)
Start importing Assets/Runemark Studio/Freebies/Polygon Desert Pack/Prefabs/rock07.prefab using Guid(802bd3dc24c20394ca2037c1b9c882a0) Importer(815301076,1909f56bfc062723c751e8b465ee728b)  -> (artifact id: '6a529b5a9cf08b9b28be2c2f7e8eb011') in 0.022653 seconds
  Import took 0.024809 seconds .

========================================================================
Received Import Request.
  Time since last request: 0.000186 seconds.
  path: Assets/Runemark Studio/Freebies/Polygon Desert Pack/Prefabs/Cactus2.prefab
  artifactKey: Guid(65da5bb2d6e288b41baa018d8fec58f3) Importer(815301076,1909f56bfc062723c751e8b465ee728b)
Start importing Assets/Runemark Studio/Freebies/Polygon Desert Pack/Prefabs/Cactus2.prefab using Guid(65da5bb2d6e288b41baa018d8fec58f3) Importer(815301076,1909f56bfc062723c751e8b465ee728b)  -> (artifact id: 'd9bb4e42b5cec4558a48854b5eb7578a') in 0.019040 seconds
  Import took 0.021029 seconds .

========================================================================
Received Import Request.
  Time since last request: 0.000257 seconds.
  path: Assets/Runemark Studio/Freebies/Polygon Desert Pack/Prefabs/Cactus1.prefab
  artifactKey: Guid(575780dd1f55b7941803be0767c1e36e) Importer(815301076,1909f56bfc062723c751e8b465ee728b)
Start importing Assets/Runemark Studio/Freebies/Polygon Desert Pack/Prefabs/Cactus1.prefab using Guid(575780dd1f55b7941803be0767c1e36e) Importer(815301076,1909f56bfc062723c751e8b465ee728b)  -> (artifact id: '4e6c9eebed5801099a73b5b8bc9f71cb') in 0.022546 seconds
  Import took 0.024834 seconds .

========================================================================
Received Import Request.
  Time since last request: 0.000193 seconds.
  path: Assets/Runemark Studio/Freebies/Polygon Desert Pack/Prefabs/rock02.prefab
  artifactKey: Guid(91af7a3706671b943974b6ef43812fab) Importer(815301076,1909f56bfc062723c751e8b465ee728b)
Start importing Assets/Runemark Studio/Freebies/Polygon Desert Pack/Prefabs/rock02.prefab using Guid(91af7a3706671b943974b6ef43812fab) Importer(815301076,1909f56bfc062723c751e8b465ee728b)  -> (artifact id: 'be0b1cc720b803ad140b93c544008bb8') in 0.019679 seconds
  Import took 0.021919 seconds .

========================================================================
Received Import Request.
  Time since last request: 0.000217 seconds.
  path: Assets/Runemark Studio/Freebies/Polygon Desert Pack/Prefabs/rock04.prefab
  artifactKey: Guid(37d65ed67498b304ea4da8a6b7c2d9b4) Importer(815301076,1909f56bfc062723c751e8b465ee728b)
Start importing Assets/Runemark Studio/Freebies/Polygon Desert Pack/Prefabs/rock04.prefab using Guid(37d65ed67498b304ea4da8a6b7c2d9b4) Importer(815301076,1909f56bfc062723c751e8b465ee728b)  -> (artifact id: '62e3ed99311272732f9e43207d475e6c') in 0.019612 seconds
  Import took 0.021927 seconds .

========================================================================
Received Import Request.
  Time since last request: 0.000184 seconds.
  path: Assets/Runemark Studio/Freebies/Polygon Desert Pack/Prefabs/rock05.prefab
  artifactKey: Guid(bf07739386a93f443b373a919b97fbe7) Importer(815301076,1909f56bfc062723c751e8b465ee728b)
Start importing Assets/Runemark Studio/Freebies/Polygon Desert Pack/Prefabs/rock05.prefab using Guid(bf07739386a93f443b373a919b97fbe7) Importer(815301076,1909f56bfc062723c751e8b465ee728b)  -> (artifact id: '183477b1da253e9ff58dce38e2e946ad') in 0.020418 seconds
  Import took 0.022730 seconds .

========================================================================
Received Import Request.
  Time since last request: 0.000203 seconds.
  path: Assets/Runemark Studio/Freebies/Polygon Desert Pack/Prefabs/Cactus3.prefab
  artifactKey: Guid(50294217694c1a145a9a3b86f853c022) Importer(815301076,1909f56bfc062723c751e8b465ee728b)
Start importing Assets/Runemark Studio/Freebies/Polygon Desert Pack/Prefabs/Cactus3.prefab using Guid(50294217694c1a145a9a3b86f853c022) Importer(815301076,1909f56bfc062723c751e8b465ee728b)  -> (artifact id: '0097e2f85b57955098f3ff08b1120784') in 0.024321 seconds
  Import took 0.026520 seconds .

========================================================================
Received Import Request.
  Time since last request: 0.000227 seconds.
  path: Assets/Runemark Studio/Freebies/Polygon Desert Pack/Prefabs/rock05.prefab
  artifactKey: Guid(bf07739386a93f443b373a919b97fbe7) Importer(815301076,1909f56bfc062723c751e8b465ee728b)
Start importing Assets/Runemark Studio/Freebies/Polygon Desert Pack/Prefabs/rock05.prefab using Guid(bf07739386a93f443b373a919b97fbe7) Importer(815301076,1909f56bfc062723c751e8b465ee728b)  -> (artifact id: '183477b1da253e9ff58dce38e2e946ad') in 0.008444 seconds
  Import took 0.010811 seconds .

========================================================================
Received Import Request.
  Time since last request: 0.000238 seconds.
  path: Assets/Runemark Studio/Freebies/Polygon Desert Pack/Prefabs/rock06.prefab
  artifactKey: Guid(b7bdd751d1270e14291b000d68d117c1) Importer(815301076,1909f56bfc062723c751e8b465ee728b)
Start importing Assets/Runemark Studio/Freebies/Polygon Desert Pack/Prefabs/rock06.prefab using Guid(b7bdd751d1270e14291b000d68d117c1) Importer(815301076,1909f56bfc062723c751e8b465ee728b)  -> (artifact id: '3237c097647eb88b5bd4c619cd2460a8') in 0.021215 seconds
  Import took 0.023321 seconds .

========================================================================
Received Import Request.
  Time since last request: 168.509995 seconds.
  path: Assets/materials
  artifactKey: Guid(9c2a96088a96cfd498c02365052ee022) Importer(815301076,1909f56bfc062723c751e8b465ee728b)
Start importing Assets/materials using Guid(9c2a96088a96cfd498c02365052ee022) Importer(815301076,1909f56bfc062723c751e8b465ee728b)  -> (artifact id: '265d6435fe8c66d10ce1f3a9a33dc64e') in 0.008983 seconds
  Import took 0.011218 seconds .

========================================================================
Received Import Request.
  Time since last request: 0.013539 seconds.
  path: Assets/materials/grapplepoint material.mat
  artifactKey: Guid(4a8e7605460f35f47b2a29ed6c3a465f) Importer(815301076,1909f56bfc062723c751e8b465ee728b)
Start importing Assets/materials/grapplepoint material.mat using Guid(4a8e7605460f35f47b2a29ed6c3a465f) Importer(815301076,1909f56bfc062723c751e8b465ee728b)  -> (artifact id: '07af0d7e5390e018f822c7dbc6f2f59f') in 0.014694 seconds
  Import took 0.017154 seconds .

========================================================================
Received Import Request.
  Time since last request: 0.000256 seconds.
  path: Assets/materials/GUN_WOOD.mat
  artifactKey: Guid(c2662bc4671e74d46bf0dcda84ff93d5) Importer(815301076,1909f56bfc062723c751e8b465ee728b)
Start importing Assets/materials/GUN_WOOD.mat using Guid(c2662bc4671e74d46bf0dcda84ff93d5) Importer(815301076,1909f56bfc062723c751e8b465ee728b)  -> (artifact id: '6aae2b7802d013091bd4920ce1f72103') in 0.020516 seconds
  Import took 0.022991 seconds .

========================================================================
Received Import Request.
  Time since last request: 0.000230 seconds.
  path: Assets/materials/New Material.mat
  artifactKey: Guid(f178b0c9748062345863a6f85e6315f0) Importer(815301076,1909f56bfc062723c751e8b465ee728b)
Start importing Assets/materials/New Material.mat using Guid(f178b0c9748062345863a6f85e6315f0) Importer(815301076,1909f56bfc062723c751e8b465ee728b)  -> (artifact id: '3ed6f1d6f4310861ee8d69a5b733dc62') in 0.015145 seconds
  Import took 0.017204 seconds .

========================================================================
Received Import Request.
  Time since last request: 0.000220 seconds.
  path: Assets/materials/GUN_METAL_LICHTER.mat
  artifactKey: Guid(2a5b1c879e83dbc49be5e834c08e15ab) Importer(815301076,1909f56bfc062723c751e8b465ee728b)
Start importing Assets/materials/GUN_METAL_LICHTER.mat using Guid(2a5b1c879e83dbc49be5e834c08e15ab) Importer(815301076,1909f56bfc062723c751e8b465ee728b)  -> (artifact id: 'eae6d039ab15225e9c8571c460b7fef0') in 0.013935 seconds
  Import took 0.016219 seconds .

========================================================================
Received Import Request.
  Time since last request: 0.000257 seconds.
  path: Assets/materials/New Material 1.mat
  artifactKey: Guid(79b6a5612a39b6a479444e1d8159f7cf) Importer(815301076,1909f56bfc062723c751e8b465ee728b)
Start importing Assets/materials/New Material 1.mat using Guid(79b6a5612a39b6a479444e1d8159f7cf) Importer(815301076,1909f56bfc062723c751e8b465ee728b)  -> (artifact id: '1d234d398963a673ae137d8a427f05a3') in 0.013593 seconds
  Import took 0.015717 seconds .

========================================================================
Received Import Request.
  Time since last request: 0.000208 seconds.
  path: Assets/materials/New Material 2.mat
  artifactKey: Guid(4e0db43e93a7fed4daf7e68561b1807d) Importer(815301076,1909f56bfc062723c751e8b465ee728b)
Start importing Assets/materials/New Material 2.mat using Guid(4e0db43e93a7fed4daf7e68561b1807d) Importer(815301076,1909f56bfc062723c751e8b465ee728b)  -> (artifact id: '54ca9ed4d67ffc665f67c53bf82621e6') in 0.012119 seconds
  Import took 0.014291 seconds .

========================================================================
Received Import Request.
  Time since last request: 0.000306 seconds.
  path: Assets/materials/GUN_METAL_DARKER.mat
  artifactKey: Guid(9faf2e9ae4866c4469cc2ffb6115e36a) Importer(815301076,1909f56bfc062723c751e8b465ee728b)
Start importing Assets/materials/GUN_METAL_DARKER.mat using Guid(9faf2e9ae4866c4469cc2ffb6115e36a) Importer(815301076,1909f56bfc062723c751e8b465ee728b)  -> (artifact id: 'f1d6b66549835ad4b4e6e800191d284f') in 0.015239 seconds
  Import took 0.017384 seconds .

========================================================================
Received Import Request.
  Time since last request: 0.000302 seconds.
  path: Assets/materials/Ground.physicMaterial
  artifactKey: Guid(693717c23c5e3484288c9811113c4b38) Importer(815301076,1909f56bfc062723c751e8b465ee728b)
Start importing Assets/materials/Ground.physicMaterial using Guid(693717c23c5e3484288c9811113c4b38) Importer(815301076,1909f56bfc062723c751e8b465ee728b)  -> (artifact id: '49254523883e300f1eb41c373d3a7ded') in 0.004534 seconds
  Import took 0.006463 seconds .

========================================================================
Received Prepare
Registering precompiled user dll's ...
Registered in 0.000888 seconds.
Begin MonoManager ReloadAssembly
Native extension for WindowsStandalone target not found
Refreshing native plugins compatible for Editor in 0.30 ms, found 0 plugins.
Preloading 0 native plugins for Editor in 0.00 ms.
Invoked RoslynAnalysisRunner static constructor.
RoslynAnalysisRunner will not be running.
RoslynAnalysisRunner has terminated.
Mono: successfully reloaded assembly
- Completed reload, in  0.852 seconds
Platform modules already initialized, skipping
Refreshing native plugins compatible for Editor in 0.31 ms, found 0 plugins.
Preloading 0 native plugins for Editor in 0.00 ms.
Unloading 1152 Unused Serialized files (Serialized files now loaded: 0)
System memory in use before: 75.4 MB.
System memory in use after: 75.5 MB.

Unloading 5 unused Assets to reduce memory usage. Loaded Objects now: 1687.
Total: 1.693300 ms (FindLiveObjects: 0.166400 ms CreateObjectMapping: 0.030100 ms MarkObjects: 1.419400 ms  DeleteObjects: 0.076200 ms)

========================================================================
Received Import Request.
  Time since last request: 119.256841 seconds.
  path: Assets/materials/New Material 3.mat
  artifactKey: Guid(e20b3b253e724d546a7ddc5597939f6e) Importer(815301076,1909f56bfc062723c751e8b465ee728b)
Start importing Assets/materials/New Material 3.mat using Guid(e20b3b253e724d546a7ddc5597939f6e) Importer(815301076,1909f56bfc062723c751e8b465ee728b)  -> (artifact id: '02e1d1793308dc7688511e733dca9fc9') in 0.069033 seconds
  Import took 0.071615 seconds .

========================================================================
Received Prepare
Registering precompiled user dll's ...
Registered in 0.001004 seconds.
Begin MonoManager ReloadAssembly
Native extension for WindowsStandalone target not found
Refreshing native plugins compatible for Editor in 0.35 ms, found 0 plugins.
Preloading 0 native plugins for Editor in 0.00 ms.
Invoked RoslynAnalysisRunner static constructor.
RoslynAnalysisRunner will not be running.
RoslynAnalysisRunner has terminated.
Mono: successfully reloaded assembly
- Completed reload, in  0.837 seconds
Platform modules already initialized, skipping
Refreshing native plugins compatible for Editor in 0.41 ms, found 0 plugins.
Preloading 0 native plugins for Editor in 0.00 ms.
Unloading 1152 Unused Serialized files (Serialized files now loaded: 0)
System memory in use before: 75.5 MB.
System memory in use after: 75.5 MB.

Unloading 5 unused Assets to reduce memory usage. Loaded Objects now: 1691.
Total: 1.815900 ms (FindLiveObjects: 0.162900 ms CreateObjectMapping: 0.030700 ms MarkObjects: 1.543000 ms  DeleteObjects: 0.078100 ms)

========================================================================
Received Import Request.
  Time since last request: 546.604109 seconds.
  path: Assets/Runemark Studio/Freebies/Polygon Desert Pack/Meshes/cactus3.fbx
  artifactKey: Guid(1aec1266c0ec1804c8c87f521a7cfc61) Importer(815301076,1909f56bfc062723c751e8b465ee728b)
Start importing Assets/Runemark Studio/Freebies/Polygon Desert Pack/Meshes/cactus3.fbx using Guid(1aec1266c0ec1804c8c87f521a7cfc61) Importer(815301076,1909f56bfc062723c751e8b465ee728b)  -> (artifact id: '2263a12ca3c6b19e711964516210099f') in 0.136621 seconds
  Import took 0.139094 seconds .

========================================================================
Received Import Request.
  Time since last request: 0.000202 seconds.
  path: Assets/Runemark Studio/Freebies/Polygon Desert Pack/Meshes/rock01.obj
  artifactKey: Guid(afda6ded61894c04ea11228d2b4323c9) Importer(815301076,1909f56bfc062723c751e8b465ee728b)
Start importing Assets/Runemark Studio/Freebies/Polygon Desert Pack/Meshes/rock01.obj using Guid(afda6ded61894c04ea11228d2b4323c9) Importer(815301076,1909f56bfc062723c751e8b465ee728b)  -> (artifact id: 'ab641b04735da699056b4d3eceab7555') in 0.020805 seconds
  Import took 0.023003 seconds .

========================================================================
Received Import Request.
  Time since last request: 0.000228 seconds.
  path: Assets/Runemark Studio/Freebies/Polygon Desert Pack/Meshes/rock02.obj
  artifactKey: Guid(058a60518d9f0314cbab4b04498acdf4) Importer(815301076,1909f56bfc062723c751e8b465ee728b)
Start importing Assets/Runemark Studio/Freebies/Polygon Desert Pack/Meshes/rock02.obj using Guid(058a60518d9f0314cbab4b04498acdf4) Importer(815301076,1909f56bfc062723c751e8b465ee728b)  -> (artifact id: '914e4954407ab7973f6831b85121c41a') in 0.023396 seconds
  Import took 0.025515 seconds .

========================================================================
Received Import Request.
  Time since last request: 0.000251 seconds.
  path: Assets/Runemark Studio/Freebies/Polygon Desert Pack/Meshes/rock07.obj
  artifactKey: Guid(7d39097ddbb0a5844beb53d63bfbe52a) Importer(815301076,1909f56bfc062723c751e8b465ee728b)
Start importing Assets/Runemark Studio/Freebies/Polygon Desert Pack/Meshes/rock07.obj using Guid(7d39097ddbb0a5844beb53d63bfbe52a) Importer(815301076,1909f56bfc062723c751e8b465ee728b)  -> (artifact id: '72cc011c9daeb8eab973b7e8e3e13b1d') in 0.020840 seconds
  Import took 0.023609 seconds .

========================================================================
Received Import Request.
  Time since last request: 0.000190 seconds.
  path: Assets/Runemark Studio/Freebies/Polygon Desert Pack/Meshes/aloe.fbx
  artifactKey: Guid(e44f8bbf9778c484ca4d63d534614d67) Importer(815301076,1909f56bfc062723c751e8b465ee728b)
Start importing Assets/Runemark Studio/Freebies/Polygon Desert Pack/Meshes/aloe.fbx using Guid(e44f8bbf9778c484ca4d63d534614d67) Importer(815301076,1909f56bfc062723c751e8b465ee728b)  -> (artifact id: '391a1b1e075d481c4d1b9a77c5fbacc5') in 0.027390 seconds
  Import took 0.029669 seconds .

========================================================================
Received Import Request.
  Time since last request: 0.000196 seconds.
  path: Assets/Runemark Studio/Freebies/Polygon Desert Pack/Meshes/rock03.obj
  artifactKey: Guid(900eb47d1ac08b645ab586656712ea99) Importer(815301076,1909f56bfc062723c751e8b465ee728b)
Start importing Assets/Runemark Studio/Freebies/Polygon Desert Pack/Meshes/rock03.obj using Guid(900eb47d1ac08b645ab586656712ea99) Importer(815301076,1909f56bfc062723c751e8b465ee728b)  -> (artifact id: 'c0cfe434be97ac05e20762d8d9917220') in 0.019615 seconds
  Import took 0.021660 seconds .

========================================================================
Received Import Request.
  Time since last request: 0.000244 seconds.
  path: Assets/Runemark Studio/Freebies/Polygon Desert Pack/Meshes/rock06.obj
  artifactKey: Guid(e4b18b6fb72b43c41b46a3e43bfc6a0d) Importer(815301076,1909f56bfc062723c751e8b465ee728b)
Start importing Assets/Runemark Studio/Freebies/Polygon Desert Pack/Meshes/rock06.obj using Guid(e4b18b6fb72b43c41b46a3e43bfc6a0d) Importer(815301076,1909f56bfc062723c751e8b465ee728b)  -> (artifact id: '8fd10b64fe367b7a59db5bf7ae072f05') in 0.021168 seconds
  Import took 0.023411 seconds .

========================================================================
Received Import Request.
  Time since last request: 0.000277 seconds.
  path: Assets/Runemark Studio/Freebies/Polygon Desert Pack/Meshes/cactus1.fbx
  artifactKey: Guid(62a4c8a915a980040a05c9e8e080236a) Importer(815301076,1909f56bfc062723c751e8b465ee728b)
Start importing Assets/Runemark Studio/Freebies/Polygon Desert Pack/Meshes/cactus1.fbx using Guid(62a4c8a915a980040a05c9e8e080236a) Importer(815301076,1909f56bfc062723c751e8b465ee728b)  -> (artifact id: '1578a646dd426de3098307bf4bc6b01a') in 0.016783 seconds
  Import took 0.019532 seconds .

========================================================================
Received Import Request.
  Time since last request: 0.000343 seconds.
  path: Assets/Runemark Studio/Freebies/Polygon Desert Pack/Meshes/rock04.obj
  artifactKey: Guid(f0047113c601ad647a5e275454470442) Importer(815301076,1909f56bfc062723c751e8b465ee728b)
Start importing Assets/Runemark Studio/Freebies/Polygon Desert Pack/Meshes/rock04.obj using Guid(f0047113c601ad647a5e275454470442) Importer(815301076,1909f56bfc062723c751e8b465ee728b)  -> (artifact id: 'd2afcc2bbe24548ef6e34cc279d76c8d') in 0.022764 seconds
  Import took 0.024966 seconds .

========================================================================
Received Import Request.
  Time since last request: 0.000198 seconds.
  path: Assets/Runemark Studio/Freebies/Polygon Desert Pack/Meshes/rock05.obj
  artifactKey: Guid(04e86de541c64d74f909d6c010405f9b) Importer(815301076,1909f56bfc062723c751e8b465ee728b)
Start importing Assets/Runemark Studio/Freebies/Polygon Desert Pack/Meshes/rock05.obj using Guid(04e86de541c64d74f909d6c010405f9b) Importer(815301076,1909f56bfc062723c751e8b465ee728b)  -> (artifact id: '88b83b5da896d4603bdd751fbfc2b3e9') in 0.021367 seconds
  Import took 0.023528 seconds .

========================================================================
Received Import Request.
  Time since last request: 0.000255 seconds.
  path: Assets/Runemark Studio/Freebies/Polygon Desert Pack/Meshes/cactus2.fbx
  artifactKey: Guid(2b63748d5982bde4ebdd93a3a4ba6f76) Importer(815301076,1909f56bfc062723c751e8b465ee728b)
Start importing Assets/Runemark Studio/Freebies/Polygon Desert Pack/Meshes/cactus2.fbx using Guid(2b63748d5982bde4ebdd93a3a4ba6f76) Importer(815301076,1909f56bfc062723c751e8b465ee728b)  -> (artifact id: '866cfd9b7c1f008090d2e180ea36b559') in 0.020036 seconds
  Import took 0.022765 seconds .

========================================================================
Received Import Request.
  Time since last request: 0.000253 seconds.
  path: Assets/Runemark Studio/Freebies/Polygon Desert Pack/Meshes/rock08.obj
  artifactKey: Guid(acdaefb8a11ff7f4bacce3c8b0ceb3e1) Importer(815301076,1909f56bfc062723c751e8b465ee728b)
Start importing Assets/Runemark Studio/Freebies/Polygon Desert Pack/Meshes/rock08.obj using Guid(acdaefb8a11ff7f4bacce3c8b0ceb3e1) Importer(815301076,1909f56bfc062723c751e8b465ee728b)  -> (artifact id: '644b5b641b07a07c954d2f20e0e10202') in 0.025024 seconds
  Import took 0.027600 seconds .

========================================================================
Received Prepare
Registering precompiled user dll's ...
Registered in 0.001400 seconds.
Begin MonoManager ReloadAssembly
Native extension for WindowsStandalone target not found
Refreshing native plugins compatible for Editor in 0.29 ms, found 0 plugins.
Preloading 0 native plugins for Editor in 0.00 ms.
Invoked RoslynAnalysisRunner static constructor.
RoslynAnalysisRunner will not be running.
RoslynAnalysisRunner has terminated.
Mono: successfully reloaded assembly
- Completed reload, in  0.826 seconds
Platform modules already initialized, skipping
Refreshing native plugins compatible for Editor in 0.33 ms, found 0 plugins.
Preloading 0 native plugins for Editor in 0.00 ms.
Unloading 1152 Unused Serialized files (Serialized files now loaded: 0)
System memory in use before: 75.7 MB.
System memory in use after: 75.8 MB.

Unloading 6 unused Assets to reduce memory usage. Loaded Objects now: 1698.
Total: 2.032900 ms (FindLiveObjects: 0.166300 ms CreateObjectMapping: 0.030100 ms MarkObjects: 1.630600 ms  DeleteObjects: 0.204600 ms)

AssetImportWorkerClient::OnTransportError - code=2 error=End of file
