Using pre-set license
Built from '2020.3/staging' branch; Version is '2020.3.0f1 (c7b5465681fb) revision 13088070'; Using compiler version '192528614'; Build Type 'Release'
OS: 'Windows 10 Pro; OS build 19042.1052; Version 2009; 64bit' Language: 'nl' Physical Memory: 8072 MB
BatchMode: 1, IsHumanControllingUs: 0, StartBugReporterOnCrash: 0, Is64bit: 1, IsPro: 0

 COMMAND LINE ARGUMENTS:
C:\Program Files\Unity\Hub\Editor\2020.3.0f1\Editor\Unity.exe
-adb2
-batchMode
-noUpm
-name
AssetImportWorker0
-projectPath
C:/Users/epic2/Desktop/Skoole/xampp/htdocs/unityspel/spel
-logFile
Logs/AssetImportWorker0.log
-srvPort
65364
Successfully changed project path to: C:/Users/epic2/Desktop/Skoole/xampp/htdocs/unityspel/spel
C:/Users/epic2/Desktop/Skoole/xampp/htdocs/unityspel/spel
Using Asset Import Pipeline V2.
Refreshing native plugins compatible for Editor in 101.66 ms, found 0 plugins.
Preloading 0 native plugins for Editor in 0.00 ms.
Initialize engine version: 2020.3.0f1 (c7b5465681fb)
[Subsystems] Discovering subsystems at path C:/Program Files/Unity/Hub/Editor/2020.3.0f1/Editor/Data/Resources/UnitySubsystems
[Subsystems] Discovering subsystems at path C:/Users/epic2/Desktop/Skoole/xampp/htdocs/unityspel/spel/Assets
GfxDevice: creating device client; threaded=0
Direct3D:
    Version:  Direct3D 11.0 [level 11.0]
    Renderer: NVIDIA GeForce GT 730M (ID=0xfe1)
    Vendor:   
    VRAM:     2007 MB
    Driver:   25.21.14.2531
Initialize mono
Mono path[0] = 'C:/Program Files/Unity/Hub/Editor/2020.3.0f1/Editor/Data/Managed'
Mono path[1] = 'C:/Program Files/Unity/Hub/Editor/2020.3.0f1/Editor/Data/MonoBleedingEdge/lib/mono/unityjit'
Mono config path = 'C:/Program Files/Unity/Hub/Editor/2020.3.0f1/Editor/Data/MonoBleedingEdge/etc'
Using monoOptions --debugger-agent=transport=dt_socket,embedding=1,server=y,suspend=n,address=127.0.0.1:56564
Begin MonoManager ReloadAssembly
Registering precompiled unity dll's ...
Register platform support module: C:/Program Files/Unity/Hub/Editor/2020.3.0f1/Editor/Data/PlaybackEngines/WindowsStandaloneSupport/UnityEditor.WindowsStandalone.Extensions.dll
Registered in 0.176732 seconds.
Native extension for WindowsStandalone target not found
Refreshing native plugins compatible for Editor in 48.29 ms, found 0 plugins.
Preloading 0 native plugins for Editor in 0.00 ms.
Invoked RoslynAnalysisRunner static constructor.
RoslynAnalysisRunner will not be running.
RoslynAnalysisRunner has terminated.
Mono: successfully reloaded assembly
- Completed reload, in  6.277 seconds
Platform modules already initialized, skipping
Registering precompiled user dll's ...
Registered in 0.106434 seconds.
Begin MonoManager ReloadAssembly
Native extension for WindowsStandalone target not found
Refreshing native plugins compatible for Editor in 0.45 ms, found 0 plugins.
Preloading 0 native plugins for Editor in 0.00 ms.
Invoked RoslynAnalysisRunner static constructor.
RoslynAnalysisRunner will not be running.
RoslynAnalysisRunner has terminated.
Mono: successfully reloaded assembly
- Completed reload, in  3.247 seconds
Platform modules already initialized, skipping
========================================================================
Worker process is ready to serve import requests
Launched and connected shader compiler UnityShaderCompiler.exe after 0.17 seconds
Refreshing native plugins compatible for Editor in 0.38 ms, found 0 plugins.
Preloading 0 native plugins for Editor in 0.00 ms.
Unloading 1173 Unused Serialized files (Serialized files now loaded: 0)
System memory in use before: 73.5 MB.
System memory in use after: 73.5 MB.

Unloading 10 unused Assets to reduce memory usage. Loaded Objects now: 1637.
Total: 2.920200 ms (FindLiveObjects: 0.229000 ms CreateObjectMapping: 0.113900 ms MarkObjects: 2.410000 ms  DeleteObjects: 0.164500 ms)

========================================================================
Received Import Request.
  path: Assets/Main menu.unity
  artifactKey: Guid(9419c7a652a0bf14ab0341d33a88fd9d) Importer(815301076,1909f56bfc062723c751e8b465ee728b)
Start importing Assets/Main menu.unity using Guid(9419c7a652a0bf14ab0341d33a88fd9d) Importer(815301076,1909f56bfc062723c751e8b465ee728b)  -> (artifact id: '4686c6eba7459cfd843f78e761b900a0') in 0.071745 seconds
  Import took 0.076330 seconds .

========================================================================
Received Prepare
Registering precompiled user dll's ...
Registered in 0.001335 seconds.
Begin MonoManager ReloadAssembly
Native extension for WindowsStandalone target not found
Refreshing native plugins compatible for Editor in 0.41 ms, found 0 plugins.
Preloading 0 native plugins for Editor in 0.00 ms.
Invoked RoslynAnalysisRunner static constructor.
RoslynAnalysisRunner will not be running.
RoslynAnalysisRunner has terminated.
Mono: successfully reloaded assembly
- Completed reload, in  2.769 seconds
Platform modules already initialized, skipping
Refreshing native plugins compatible for Editor in 0.59 ms, found 0 plugins.
Preloading 0 native plugins for Editor in 0.00 ms.
Unloading 1152 Unused Serialized files (Serialized files now loaded: 0)
System memory in use before: 72.1 MB.
System memory in use after: 72.2 MB.

Unloading 5 unused Assets to reduce memory usage. Loaded Objects now: 1640.
Total: 2.760800 ms (FindLiveObjects: 0.203000 ms CreateObjectMapping: 0.073700 ms MarkObjects: 2.356400 ms  DeleteObjects: 0.124500 ms)

========================================================================
Received Prepare
Registering precompiled user dll's ...
Registered in 0.001302 seconds.
Begin MonoManager ReloadAssembly
Native extension for WindowsStandalone target not found
Refreshing native plugins compatible for Editor in 0.40 ms, found 0 plugins.
Preloading 0 native plugins for Editor in 0.00 ms.
Invoked RoslynAnalysisRunner static constructor.
RoslynAnalysisRunner will not be running.
RoslynAnalysisRunner has terminated.
Mono: successfully reloaded assembly
- Completed reload, in  2.130 seconds
Platform modules already initialized, skipping
Refreshing native plugins compatible for Editor in 0.63 ms, found 0 plugins.
Preloading 0 native plugins for Editor in 0.00 ms.
Unloading 1152 Unused Serialized files (Serialized files now loaded: 0)
System memory in use before: 72.2 MB.
System memory in use after: 72.2 MB.

Unloading 5 unused Assets to reduce memory usage. Loaded Objects now: 1643.
Total: 4.683600 ms (FindLiveObjects: 0.775500 ms CreateObjectMapping: 0.156100 ms MarkObjects: 3.591300 ms  DeleteObjects: 0.156700 ms)

========================================================================
Received Prepare
Registering precompiled user dll's ...
Registered in 0.001300 seconds.
Begin MonoManager ReloadAssembly
Native extension for WindowsStandalone target not found
Refreshing native plugins compatible for Editor in 0.74 ms, found 0 plugins.
Preloading 0 native plugins for Editor in 0.00 ms.
Invoked RoslynAnalysisRunner static constructor.
RoslynAnalysisRunner will not be running.
RoslynAnalysisRunner has terminated.
Mono: successfully reloaded assembly
- Completed reload, in  1.991 seconds
Platform modules already initialized, skipping
Refreshing native plugins compatible for Editor in 0.70 ms, found 0 plugins.
Preloading 0 native plugins for Editor in 0.00 ms.
Unloading 1152 Unused Serialized files (Serialized files now loaded: 0)
System memory in use before: 72.2 MB.
System memory in use after: 72.3 MB.

Unloading 5 unused Assets to reduce memory usage. Loaded Objects now: 1646.
Total: 3.640700 ms (FindLiveObjects: 0.319900 ms CreateObjectMapping: 0.097500 ms MarkObjects: 2.909200 ms  DeleteObjects: 0.310800 ms)

========================================================================
Received Import Request.
  Time since last request: 2456.982222 seconds.
  path: Assets/level 1.unity
  artifactKey: Guid(76060b2c40222ce469f96b915d4d10d5) Importer(815301076,1909f56bfc062723c751e8b465ee728b)
Start importing Assets/level 1.unity using Guid(76060b2c40222ce469f96b915d4d10d5) Importer(815301076,1909f56bfc062723c751e8b465ee728b)  -> (artifact id: 'fa1ffb0848c2dff63326fd88e5ed43a4') in 0.056435 seconds
  Import took 0.061195 seconds .

========================================================================
Received Import Request.
  Time since last request: 30.904274 seconds.
  path: Assets/Main menu.unity
  artifactKey: Guid(9419c7a652a0bf14ab0341d33a88fd9d) Importer(815301076,1909f56bfc062723c751e8b465ee728b)
Start importing Assets/Main menu.unity using Guid(9419c7a652a0bf14ab0341d33a88fd9d) Importer(815301076,1909f56bfc062723c751e8b465ee728b)  -> (artifact id: 'd6df9eedc6095e107873d25fd19a84d1') in 0.021351 seconds
  Import took 0.025617 seconds .

========================================================================
Received Import Request.
  Time since last request: 125.612895 seconds.
  path: Assets/scripts/PlayerMovement.cs
  artifactKey: Guid(514e3cc03b4f51f4fa6aa2d772edd71b) Importer(815301076,1909f56bfc062723c751e8b465ee728b)
Start importing Assets/scripts/PlayerMovement.cs using Guid(514e3cc03b4f51f4fa6aa2d772edd71b) Importer(815301076,1909f56bfc062723c751e8b465ee728b)  -> (artifact id: '28308e995863c3f60b9c2c303e545c63') in 0.183738 seconds
  Import took 0.187238 seconds .

========================================================================
Received Import Request.
  Time since last request: 129.866482 seconds.
  path: Assets/scripts/MoveCamera.cs
  artifactKey: Guid(6b8dc5b7ef4db0a4f95b91550434f2ee) Importer(815301076,1909f56bfc062723c751e8b465ee728b)
Start importing Assets/scripts/MoveCamera.cs using Guid(6b8dc5b7ef4db0a4f95b91550434f2ee) Importer(815301076,1909f56bfc062723c751e8b465ee728b)  -> (artifact id: 'ba2a29d9576224a43659c738f436acb6') in 0.155506 seconds
  Import took 0.160887 seconds .

========================================================================
Received Import Request.
  Time since last request: 9.230168 seconds.
  path: Assets/scripts/respawn.cs
  artifactKey: Guid(91e448fa1308c7f4c833d0f398f0d32c) Importer(815301076,1909f56bfc062723c751e8b465ee728b)
Start importing Assets/scripts/respawn.cs using Guid(91e448fa1308c7f4c833d0f398f0d32c) Importer(815301076,1909f56bfc062723c751e8b465ee728b)  -> (artifact id: 'd8a70023a70b042f4e8b0cfa3b56f887') in 0.312833 seconds
  Import took 0.316237 seconds .

========================================================================
Received Import Request.
  Time since last request: 14.457307 seconds.
  path: Assets/scripts/RotateGun.cs
  artifactKey: Guid(59abbe6c4136c88478f13963586c3634) Importer(815301076,1909f56bfc062723c751e8b465ee728b)
Start importing Assets/scripts/RotateGun.cs using Guid(59abbe6c4136c88478f13963586c3634) Importer(815301076,1909f56bfc062723c751e8b465ee728b)  -> (artifact id: 'c3e5b557427ceb4251b915bc3c4fa616') in 0.034778 seconds
  Import took 0.038978 seconds .

========================================================================
Received Import Request.
  Time since last request: 8.475442 seconds.
  path: Assets/scripts/ShowUI.cs
  artifactKey: Guid(8f32c88eb76705e42a3898e0e149008b) Importer(815301076,1909f56bfc062723c751e8b465ee728b)
Start importing Assets/scripts/ShowUI.cs using Guid(8f32c88eb76705e42a3898e0e149008b) Importer(815301076,1909f56bfc062723c751e8b465ee728b)  -> (artifact id: '55ca67f8e0f7db3fa91017d0602afebb') in 0.024501 seconds
  Import took 0.030253 seconds .

========================================================================
Received Import Request.
  Time since last request: 9.654284 seconds.
  path: Assets/scripts/MainMenu.cs
  artifactKey: Guid(f8b2755727612e64684f71a0c5a62bac) Importer(815301076,1909f56bfc062723c751e8b465ee728b)
Start importing Assets/scripts/MainMenu.cs using Guid(f8b2755727612e64684f71a0c5a62bac) Importer(815301076,1909f56bfc062723c751e8b465ee728b)  -> (artifact id: 'a3bcc9963326fd4f7bdda851ce5bd862') in 0.022614 seconds
  Import took 0.027342 seconds .

========================================================================
Received Import Request.
  Time since last request: 0.004752 seconds.
  path: Assets/scripts/MainMenu.cs
  artifactKey: Guid(f8b2755727612e64684f71a0c5a62bac) Importer(815301076,1909f56bfc062723c751e8b465ee728b)
Start importing Assets/scripts/MainMenu.cs using Guid(f8b2755727612e64684f71a0c5a62bac) Importer(815301076,1909f56bfc062723c751e8b465ee728b)  -> (artifact id: 'a3bcc9963326fd4f7bdda851ce5bd862') in 0.020657 seconds
  Import took 0.028581 seconds .

========================================================================
Received Import Request.
  Time since last request: 8.312348 seconds.
  path: Assets/scripts/GrapplingGun.cs
  artifactKey: Guid(eb1e6512d539cfe4ea2cf4307e3aef6d) Importer(815301076,1909f56bfc062723c751e8b465ee728b)
Start importing Assets/scripts/GrapplingGun.cs using Guid(eb1e6512d539cfe4ea2cf4307e3aef6d) Importer(815301076,1909f56bfc062723c751e8b465ee728b)  -> (artifact id: '91acf27b44fc3d92908a9f1351470d2a') in 0.024406 seconds
  Import took 0.032937 seconds .

========================================================================
Received Import Request.
  Time since last request: 0.001226 seconds.
  path: Assets/scripts/GrapplingGun.cs
  artifactKey: Guid(eb1e6512d539cfe4ea2cf4307e3aef6d) Importer(815301076,1909f56bfc062723c751e8b465ee728b)
Start importing Assets/scripts/GrapplingGun.cs using Guid(eb1e6512d539cfe4ea2cf4307e3aef6d) Importer(815301076,1909f56bfc062723c751e8b465ee728b)  -> (artifact id: '91acf27b44fc3d92908a9f1351470d2a') in 0.018488 seconds
  Import took 0.022702 seconds .

========================================================================
Received Prepare
Registering precompiled user dll's ...
Registered in 0.002154 seconds.
Begin MonoManager ReloadAssembly
Native extension for WindowsStandalone target not found
Refreshing native plugins compatible for Editor in 0.60 ms, found 0 plugins.
Preloading 0 native plugins for Editor in 0.00 ms.
Invoked RoslynAnalysisRunner static constructor.
RoslynAnalysisRunner will not be running.
RoslynAnalysisRunner has terminated.
Mono: successfully reloaded assembly
- Completed reload, in  2.236 seconds
Platform modules already initialized, skipping
Refreshing native plugins compatible for Editor in 0.61 ms, found 0 plugins.
Preloading 0 native plugins for Editor in 0.00 ms.
Unloading 1152 Unused Serialized files (Serialized files now loaded: 0)
System memory in use before: 72.2 MB.
System memory in use after: 72.3 MB.

Unloading 5 unused Assets to reduce memory usage. Loaded Objects now: 1649.
Total: 4.313500 ms (FindLiveObjects: 0.342800 ms CreateObjectMapping: 0.121500 ms MarkObjects: 3.651700 ms  DeleteObjects: 0.193900 ms)

========================================================================
Received Prepare
Registering precompiled user dll's ...
Registered in 0.003998 seconds.
Begin MonoManager ReloadAssembly
Native extension for WindowsStandalone target not found
Refreshing native plugins compatible for Editor in 0.41 ms, found 0 plugins.
Preloading 0 native plugins for Editor in 0.00 ms.
Invoked RoslynAnalysisRunner static constructor.
RoslynAnalysisRunner will not be running.
RoslynAnalysisRunner has terminated.
Mono: successfully reloaded assembly
- Completed reload, in  1.616 seconds
Platform modules already initialized, skipping
Refreshing native plugins compatible for Editor in 0.69 ms, found 0 plugins.
Preloading 0 native plugins for Editor in 0.00 ms.
Unloading 1152 Unused Serialized files (Serialized files now loaded: 0)
System memory in use before: 72.2 MB.
System memory in use after: 72.3 MB.

Unloading 5 unused Assets to reduce memory usage. Loaded Objects now: 1652.
Total: 4.189600 ms (FindLiveObjects: 0.448100 ms CreateObjectMapping: 0.185300 ms MarkObjects: 3.434900 ms  DeleteObjects: 0.118900 ms)

========================================================================
Received Import Request.
  Time since last request: 5740.857420 seconds.
  path: Assets/level 1.unity
  artifactKey: Guid(76060b2c40222ce469f96b915d4d10d5) Importer(815301076,1909f56bfc062723c751e8b465ee728b)
Start importing Assets/level 1.unity using Guid(76060b2c40222ce469f96b915d4d10d5) Importer(815301076,1909f56bfc062723c751e8b465ee728b)  -> (artifact id: '216ee38ed1513ec37a250c68358e7e03') in 0.058816 seconds
  Import took 0.106057 seconds .

========================================================================
Received Import Request.
  Time since last request: 0.137053 seconds.
  path: Assets/level 1.unity
  artifactKey: Guid(76060b2c40222ce469f96b915d4d10d5) Importer(815301076,1909f56bfc062723c751e8b465ee728b)
Start importing Assets/level 1.unity using Guid(76060b2c40222ce469f96b915d4d10d5) Importer(815301076,1909f56bfc062723c751e8b465ee728b)  -> (artifact id: '216ee38ed1513ec37a250c68358e7e03') in 0.023359 seconds
  Import took 0.027654 seconds .

========================================================================
Received Import Request.
  Time since last request: 253.117003 seconds.
  path: Assets/level 2.unity
  artifactKey: Guid(5d0afd72588748347b56bc3aba275f11) Importer(815301076,1909f56bfc062723c751e8b465ee728b)
Start importing Assets/level 2.unity using Guid(5d0afd72588748347b56bc3aba275f11) Importer(815301076,1909f56bfc062723c751e8b465ee728b)  -> (artifact id: '6b7b3d7e9b538a26f4568d0c4a9458eb') in 0.022162 seconds
  Import took 0.038994 seconds .

========================================================================
Received Prepare
Registering precompiled user dll's ...
Registered in 0.001341 seconds.
Begin MonoManager ReloadAssembly
Native extension for WindowsStandalone target not found
Refreshing native plugins compatible for Editor in 0.43 ms, found 0 plugins.
Preloading 0 native plugins for Editor in 0.00 ms.
Invoked RoslynAnalysisRunner static constructor.
RoslynAnalysisRunner will not be running.
RoslynAnalysisRunner has terminated.
Mono: successfully reloaded assembly
- Completed reload, in  2.431 seconds
Platform modules already initialized, skipping
Refreshing native plugins compatible for Editor in 0.41 ms, found 0 plugins.
Preloading 0 native plugins for Editor in 0.00 ms.
Unloading 1152 Unused Serialized files (Serialized files now loaded: 0)
System memory in use before: 72.3 MB.
System memory in use after: 72.3 MB.

Unloading 5 unused Assets to reduce memory usage. Loaded Objects now: 1655.
Total: 3.622300 ms (FindLiveObjects: 0.343900 ms CreateObjectMapping: 0.074800 ms MarkObjects: 3.064700 ms  DeleteObjects: 0.135200 ms)

========================================================================
Received Prepare
Registering precompiled user dll's ...
Registered in 0.001764 seconds.
Begin MonoManager ReloadAssembly
Native extension for WindowsStandalone target not found
Refreshing native plugins compatible for Editor in 0.54 ms, found 0 plugins.
Preloading 0 native plugins for Editor in 0.00 ms.
Invoked RoslynAnalysisRunner static constructor.
RoslynAnalysisRunner will not be running.
RoslynAnalysisRunner has terminated.
Mono: successfully reloaded assembly
- Completed reload, in  1.837 seconds
Platform modules already initialized, skipping
Refreshing native plugins compatible for Editor in 1.01 ms, found 0 plugins.
Preloading 0 native plugins for Editor in 0.00 ms.
Unloading 1152 Unused Serialized files (Serialized files now loaded: 0)
System memory in use before: 72.3 MB.
System memory in use after: 72.3 MB.

Unloading 5 unused Assets to reduce memory usage. Loaded Objects now: 1658.
Total: 2.976000 ms (FindLiveObjects: 0.242800 ms CreateObjectMapping: 0.112500 ms MarkObjects: 2.465800 ms  DeleteObjects: 0.151700 ms)

========================================================================
Received Prepare
Registering precompiled user dll's ...
Registered in 0.001242 seconds.
Begin MonoManager ReloadAssembly
Native extension for WindowsStandalone target not found
Refreshing native plugins compatible for Editor in 0.41 ms, found 0 plugins.
Preloading 0 native plugins for Editor in 0.00 ms.
Invoked RoslynAnalysisRunner static constructor.
RoslynAnalysisRunner will not be running.
RoslynAnalysisRunner has terminated.
Mono: successfully reloaded assembly
- Completed reload, in  1.458 seconds
Platform modules already initialized, skipping
Refreshing native plugins compatible for Editor in 0.47 ms, found 0 plugins.
Preloading 0 native plugins for Editor in 0.00 ms.
Unloading 1152 Unused Serialized files (Serialized files now loaded: 0)
System memory in use before: 72.3 MB.
System memory in use after: 72.3 MB.

Unloading 5 unused Assets to reduce memory usage. Loaded Objects now: 1661.
Total: 3.047900 ms (FindLiveObjects: 0.665000 ms CreateObjectMapping: 0.163100 ms MarkObjects: 2.102500 ms  DeleteObjects: 0.113500 ms)

AssetImportWorkerClient::OnTransportError - code=2 error=End of file
